d:\classes\2022 spring\cs307\projects\doco\doco\x64\debug\vc143.pdb
d:\classes\2022 spring\cs307\projects\doco\doco\x64\debug\vc143.idb
d:\classes\2022 spring\cs307\projects\doco\doco\x64\debug\world.nativecodeanalysis.sarif
d:\classes\2022 spring\cs307\projects\doco\doco\x64\debug\world.nativecodeanalysis.xml
d:\classes\2022 spring\cs307\projects\doco\doco\x64\debug\pellet.nativecodeanalysis.sarif
d:\classes\2022 spring\cs307\projects\doco\doco\x64\debug\pellet.nativecodeanalysis.xml
d:\classes\2022 spring\cs307\projects\doco\doco\x64\debug\map.nativecodeanalysis.sarif
d:\classes\2022 spring\cs307\projects\doco\doco\x64\debug\map.nativecodeanalysis.xml
d:\classes\2022 spring\cs307\projects\doco\doco\x64\debug\location.nativecodeanalysis.sarif
d:\classes\2022 spring\cs307\projects\doco\doco\x64\debug\location.nativecodeanalysis.xml
d:\classes\2022 spring\cs307\projects\doco\doco\x64\debug\main.nativecodeanalysis.sarif
d:\classes\2022 spring\cs307\projects\doco\doco\x64\debug\main.nativecodeanalysis.xml
d:\classes\2022 spring\cs307\projects\doco\doco\x64\debug\doco.nativecodeanalysis.sarif
d:\classes\2022 spring\cs307\projects\doco\doco\x64\debug\doco.nativecodeanalysis.xml
d:\classes\2022 spring\cs307\projects\doco\doco\x64\debug\dataparser.nativecodeanalysis.sarif
d:\classes\2022 spring\cs307\projects\doco\doco\x64\debug\dataparser.nativecodeanalysis.xml
d:\classes\2022 spring\cs307\projects\doco\doco\x64\debug\creaturelist.nativecodeanalysis.sarif
d:\classes\2022 spring\cs307\projects\doco\doco\x64\debug\creaturelist.nativecodeanalysis.xml
d:\classes\2022 spring\cs307\projects\doco\doco\x64\debug\creaturelist.obj
d:\classes\2022 spring\cs307\projects\doco\doco\x64\debug\dataparser.obj
d:\classes\2022 spring\cs307\projects\doco\doco\x64\debug\doco.obj
d:\classes\2022 spring\cs307\projects\doco\doco\x64\debug\main.obj
d:\classes\2022 spring\cs307\projects\doco\doco\x64\debug\location.obj
d:\classes\2022 spring\cs307\projects\doco\doco\x64\debug\map.obj
d:\classes\2022 spring\cs307\projects\doco\doco\x64\debug\pellet.obj
d:\classes\2022 spring\cs307\projects\doco\doco\x64\debug\world.obj
d:\classes\2022 spring\cs307\projects\doco\doco\x64\debug\doco.ilk
d:\classes\2022 spring\cs307\projects\doco\x64\debug\doco.exe
d:\classes\2022 spring\cs307\projects\doco\x64\debug\doco.pdb
d:\classes\2022 spring\cs307\projects\doco\doco\x64\debug\vc.nativecodeanalysis.all.xml
d:\classes\2022 spring\cs307\projects\doco\doco\x64\debug\doco.tlog\cl.command.1.tlog
d:\classes\2022 spring\cs307\projects\doco\doco\x64\debug\doco.tlog\cl.read.1.tlog
d:\classes\2022 spring\cs307\projects\doco\doco\x64\debug\doco.tlog\cl.write.1.tlog
d:\classes\2022 spring\cs307\projects\doco\doco\x64\debug\doco.tlog\link.command.1.tlog
d:\classes\2022 spring\cs307\projects\doco\doco\x64\debug\doco.tlog\link.read.1.tlog
d:\classes\2022 spring\cs307\projects\doco\doco\x64\debug\doco.tlog\link.write.1.tlog
